0 info it worked if it ends with ok
1 verbose cli [ '/usr/local/bin/node', '/usr/local/bin/npm', 'run', 'deploy' ]
2 info using npm@3.7.3
3 info using node@v5.2.0
4 verbose run-script [ 'predeploy', 'deploy', 'postdeploy' ]
5 info lifecycle social_colander@1.0.0~predeploy: social_colander@1.0.0
6 silly lifecycle social_colander@1.0.0~predeploy: no script for predeploy, continuing
7 info lifecycle social_colander@1.0.0~deploy: social_colander@1.0.0
8 verbose lifecycle social_colander@1.0.0~deploy: unsafe-perm in lifecycle true
9 verbose lifecycle social_colander@1.0.0~deploy: PATH: /usr/local/lib/node_modules/npm/bin/node-gyp-bin:/Users/ymatuhin/Projects/my/socialcolander.net/node_modules/.bin:/usr/local/bin:/Users/ymatuhin/.rvm/gems/ruby-2.3.1/bin:/Users/ymatuhin/.rvm/gems/ruby-2.3.1@global/bin:/Users/ymatuhin/.rvm/rubies/ruby-2.3.1/bin:/usr/local/bin:/usr/bin:/bin:/usr/sbin:/sbin:/Users/ymatuhin/.rvm/bin
10 verbose lifecycle social_colander@1.0.0~deploy: CWD: /Users/ymatuhin/Projects/my/socialcolander.net
11 silly lifecycle social_colander@1.0.0~deploy: Args: [ '-c', 'git subtree push --prefix dist origin master' ]
12 silly lifecycle social_colander@1.0.0~deploy: Returned: code: 1  signal: null
13 info lifecycle social_colander@1.0.0~deploy: Failed to exec deploy script
14 verbose stack Error: social_colander@1.0.0 deploy: `git subtree push --prefix dist origin master`
14 verbose stack Exit status 1
14 verbose stack     at EventEmitter.<anonymous> (/usr/local/lib/node_modules/npm/lib/utils/lifecycle.js:239:16)
14 verbose stack     at emitTwo (events.js:88:13)
14 verbose stack     at EventEmitter.emit (events.js:173:7)
14 verbose stack     at ChildProcess.<anonymous> (/usr/local/lib/node_modules/npm/lib/utils/spawn.js:24:14)
14 verbose stack     at emitTwo (events.js:88:13)
14 verbose stack     at ChildProcess.emit (events.js:173:7)
14 verbose stack     at maybeClose (internal/child_process.js:819:16)
14 verbose stack     at Process.ChildProcess._handle.onexit (internal/child_process.js:212:5)
15 verbose pkgid social_colander@1.0.0
16 verbose cwd /Users/ymatuhin/Projects/my/socialcolander.net
17 error Darwin 15.5.0
18 error argv "/usr/local/bin/node" "/usr/local/bin/npm" "run" "deploy"
19 error node v5.2.0
20 error npm  v3.7.3
21 error code ELIFECYCLE
22 error social_colander@1.0.0 deploy: `git subtree push --prefix dist origin master`
22 error Exit status 1
23 error Failed at the social_colander@1.0.0 deploy script 'git subtree push --prefix dist origin master'.
23 error Make sure you have the latest version of node.js and npm installed.
23 error If you do, this is most likely a problem with the social_colander package,
23 error not with npm itself.
23 error Tell the author that this fails on your system:
23 error     git subtree push --prefix dist origin master
23 error You can get information on how to open an issue for this project with:
23 error     npm bugs social_colander
23 error Or if that isn't available, you can get their info via:
23 error     npm owner ls social_colander
23 error There is likely additional logging output above.
24 verbose exit [ 1, true ]
